<?xml version="1.0" encoding="UTF-8"?>
<testng-results ignored="0" total="2" passed="2" failed="0" skipped="0">
  <reporter-output>
  </reporter-output>
  <suite started-at="2026-09-02T13:20:01 IST" name="EWayBill Suite" finished-at="2026-09-02T13:23:04 IST" duration-ms="182619">
    <groups>
    </groups>
    <test started-at="2026-09-02T13:20:01 IST" name="EWayBill Test" finished-at="2026-09-02T13:23:04 IST" duration-ms="182619">
      <class name="Automation.ExtendE_wayBill">
        <test-method is-config="true" signature="setupEnvironment()[pri:0, instance:Automation.ExtendE_wayBill@7eac9008]" started-at="2026-09-02T13:20:01 IST" name="setupEnvironment" finished-at="2026-09-02T13:20:06 IST" duration-ms="4408" status="PASS">
          <reporter-output>
          </reporter-output>
        </test-method> <!-- setupEnvironment -->
        <test-method signature="loginToPortal()[pri:1, instance:Automation.ExtendE_wayBill@7eac9008]" started-at="2026-09-02T13:20:06 IST" name="loginToPortal" description="Logs into the GST E-Way Bill Portal" finished-at="2026-09-02T13:20:29 IST" duration-ms="23630" status="PASS">
          <reporter-output>
          </reporter-output>
        </test-method> <!-- loginToPortal -->
        <test-method signature="processEwayBills()[pri:2, instance:Automation.ExtendE_wayBill@7eac9008]" started-at="2026-09-02T13:20:29 IST" name="processEwayBills" description="Processes E-Way Bills for validity extension" finished-at="2026-09-02T13:23:04 IST" depends-on-methods="Automation.ExtendE_wayBill.loginToPortal" duration-ms="154140" status="PASS">
          <reporter-output>
          </reporter-output>
        </test-method> <!-- processEwayBills -->
        <test-method is-config="true" signature="tearDown()[pri:0, instance:Automation.ExtendE_wayBill@7eac9008]" started-at="2026-09-02T13:23:04 IST" name="tearDown" finished-at="2026-09-02T13:23:04 IST" duration-ms="329" status="PASS">
          <reporter-output>
          </reporter-output>
        </test-method> <!-- tearDown -->
      </class> <!-- Automation.ExtendE_wayBill -->
    </test> <!-- EWayBill Test -->
  </suite> <!-- EWayBill Suite -->
</testng-results>
