<?xml version="1.0" encoding="UTF-8"?>
<!-- Generated by org.testng.reporters.JUnitReportReporter -->
<testsuite hostname="LAPTOP-L62ON499" failures="0" tests="2" name="Automation.ExtendE_wayBill" time="177.770" errors="0" timestamp="2026-09-02T13:23:04 IST" skipped="0">
  <testcase classname="Automation.ExtendE_wayBill" name="loginToPortal" time="23.630"/>
  <testcase classname="Automation.ExtendE_wayBill" name="processEwayBills" time="154.140"/>
</testsuite> <!-- Automation.ExtendE_wayBill -->
